<?xml version="1.0" encoding="UTF-8"?>
<!-- Generated by org.testng.reporters.JUnitReportReporter -->
<testsuite skipped="0" hostname="DESKTOP-RGL60CC" name="SelfPractice.Sample" tests="1" failures="0" timestamp="2021-12-09T22:00:20 IST" time="0.013" errors="0">
  <testcase name="sampleTest" time="0.013" classname="SelfPractice.Sample"/>
  <system-out/>
</testsuite> <!-- SelfPractice.Sample -->
