<?xml version="1.0" encoding="UTF-8"?>
<!-- Generated by org.testng.reporters.JUnitReportReporter -->
<testsuite skipped="0" hostname="DESKTOP-RGL60CC" name="SelfPractice.DemoTest" tests="1" failures="0" timestamp="2021-12-10T16:22:55 IST" time="0.017" errors="0">
  <testcase name="demoTest" time="0.017" classname="SelfPractice.DemoTest"/>
  <system-out/>
</testsuite> <!-- SelfPractice.DemoTest -->
